<?xml version="1.0" encoding="UTF-8"?>
<!-- Generated by org.testng.reporters.JUnitReportReporter -->
<testsuite name="Webdriver.demo20_UsingTestNG" tests="1" time="0.098" ignored="0" failures="0" timestamp="08 Aug 2019 07:06:38 GMT" skipped="0" hostname="IBM200-PC07QF34" errors="0">
  <testcase name="Testcase" time="0.098" classname="Webdriver.demo20_UsingTestNG"/>
</testsuite> <!-- Webdriver.demo20_UsingTestNG -->
