<?xml version="1.0" encoding="UTF-8"?>
<!-- Generated by org.testng.reporters.JUnitReportReporter -->
<testsuite name="Webdriver.demo14_tstNG" tests="1" time="0.038" ignored="0" failures="0" timestamp="01 Aug 2019 08:17:40 GMT" skipped="0" hostname="IBM200-PC07QF34" errors="0">
  <testcase name="f" time="0.038" classname="Webdriver.demo14_tstNG"/>
</testsuite> <!-- Webdriver.demo14_tstNG -->
