<?xml version="1.0" encoding="UTF-8"?>
<!-- Generated by org.testng.reporters.JUnitReportReporter -->
<testsuite name="Webdriver.demo14_tstNG_Screenshots" tests="1" time="0.022" ignored="0" failures="0" timestamp="06 Aug 2019 15:35:21 GMT" skipped="0" hostname="IBM200-PC07QF34" errors="0">
  <testcase name="display" time="0.022" classname="Webdriver.demo14_tstNG_Screenshots"/>
</testsuite> <!-- Webdriver.demo14_tstNG_Screenshots -->
