<?xml version="1.0" encoding="UTF-8"?>
<!-- Generated by org.testng.reporters.JUnitReportReporter -->
<testsuite name="Webdriver.demo19_tstNG" tests="6" time="0.052" ignored="0" failures="0" timestamp="08 Aug 2019 13:09:47 GMT" skipped="0" hostname="IBM200-PC07QF34" errors="0">
  <testcase name="B" time="0.005" classname="Webdriver.demo19_tstNG"/>
  <testcase name="F" time="0.005" classname="Webdriver.demo19_tstNG"/>
  <testcase name="C" time="0.006" classname="Webdriver.demo19_tstNG"/>
  <testcase name="E" time="0.024" classname="Webdriver.demo19_tstNG"/>
  <testcase name="A" time="0.005" classname="Webdriver.demo19_tstNG"/>
  <testcase name="G" time="0.007" classname="Webdriver.demo19_tstNG"/>
</testsuite> <!-- Webdriver.demo19_tstNG -->
